e:\outscal\datastructures\minesweeper\array-minesweeper\array-mi.f57ee1aa\debug\vc143.pdb
e:\outscal\datastructures\minesweeper\array-minesweeper\array-mi.f57ee1aa\debug\vc143.idb
e:\outscal\datastructures\minesweeper\array-minesweeper\array-mi.f57ee1aa\debug\textview.obj
e:\outscal\datastructures\minesweeper\array-minesweeper\array-mi.f57ee1aa\debug\imageview.obj
e:\outscal\datastructures\minesweeper\array-minesweeper\array-mi.f57ee1aa\debug\buttonview.obj
e:\outscal\datastructures\minesweeper\array-minesweeper\array-mi.f57ee1aa\debug\animatedimageview.obj
e:\outscal\datastructures\minesweeper\array-minesweeper\array-mi.f57ee1aa\debug\splashscreenuicontroller.obj
e:\outscal\datastructures\minesweeper\array-minesweeper\array-mi.f57ee1aa\debug\soundservice.obj
e:\outscal\datastructures\minesweeper\array-minesweeper\array-mi.f57ee1aa\debug\servicelocator.obj
e:\outscal\datastructures\minesweeper\array-minesweeper\array-mi.f57ee1aa\debug\mainmenuuicontroller.obj
e:\outscal\datastructures\minesweeper\array-minesweeper\array-mi.f57ee1aa\debug\creditsscreenuicontroller.obj
e:\outscal\datastructures\minesweeper\array-minesweeper\array-mi.f57ee1aa\debug\graphicservice.obj
e:\outscal\datastructures\minesweeper\array-minesweeper\array-mi.f57ee1aa\debug\config.obj
e:\outscal\datastructures\minesweeper\array-minesweeper\array-mi.f57ee1aa\debug\gameservice.obj
e:\outscal\datastructures\minesweeper\array-minesweeper\array-mi.f57ee1aa\debug\eventservice.obj
e:\outscal\datastructures\minesweeper\array-minesweeper\array-mi.f57ee1aa\debug\main.obj
e:\outscal\datastructures\minesweeper\array-minesweeper\array-mi.f57ee1aa\debug\instructionsscreenuicontroller.obj
e:\outscal\datastructures\minesweeper\array-minesweeper\array-mi.f57ee1aa\debug\gameplayservice.obj
e:\outscal\datastructures\minesweeper\array-minesweeper\array-mi.f57ee1aa\debug\gameplaycontroller.obj
e:\outscal\datastructures\minesweeper\array-minesweeper\array-mi.f57ee1aa\debug\boardview.obj
e:\outscal\datastructures\minesweeper\array-minesweeper\array-mi.f57ee1aa\debug\boardservice.obj
e:\outscal\datastructures\minesweeper\array-minesweeper\array-mi.f57ee1aa\debug\boardcontroller.obj
e:\outscal\datastructures\minesweeper\array-minesweeper\array-mi.f57ee1aa\debug\uiservice.obj
e:\outscal\datastructures\minesweeper\array-minesweeper\array-mi.f57ee1aa\debug\uiview.obj
e:\outscal\datastructures\minesweeper\array-minesweeper\debug\array-minesweeper.pdb
e:\outscal\datastructures\minesweeper\array-minesweeper\array-mi.f57ee1aa\debug\array-mi.f57ee1aa.tlog\cl.command.1.tlog
e:\outscal\datastructures\minesweeper\array-minesweeper\array-mi.f57ee1aa\debug\array-mi.f57ee1aa.tlog\cl.read.1.tlog
e:\outscal\datastructures\minesweeper\array-minesweeper\array-mi.f57ee1aa\debug\array-mi.f57ee1aa.tlog\cl.write.1.tlog
e:\outscal\datastructures\minesweeper\array-minesweeper\array-mi.f57ee1aa\debug\array-mi.f57ee1aa.tlog\link-cvtres.read.1.tlog
e:\outscal\datastructures\minesweeper\array-minesweeper\array-mi.f57ee1aa\debug\array-mi.f57ee1aa.tlog\link-cvtres.write.1.tlog
e:\outscal\datastructures\minesweeper\array-minesweeper\array-mi.f57ee1aa\debug\array-mi.f57ee1aa.tlog\link-rc.read.1.tlog
e:\outscal\datastructures\minesweeper\array-minesweeper\array-mi.f57ee1aa\debug\array-mi.f57ee1aa.tlog\link-rc.write.1.tlog
e:\outscal\datastructures\minesweeper\array-minesweeper\array-mi.f57ee1aa\debug\array-mi.f57ee1aa.tlog\link.command.1.tlog
e:\outscal\datastructures\minesweeper\array-minesweeper\array-mi.f57ee1aa\debug\array-mi.f57ee1aa.tlog\link.read.1.tlog
e:\outscal\datastructures\minesweeper\array-minesweeper\array-mi.f57ee1aa\debug\array-mi.f57ee1aa.tlog\link.write.1.tlog
